<?xml version="1.0" encoding="UTF-8"?>
<!-- Generated by org.testng.reporters.JUnitReportReporter -->
<testsuite hostname="DESKTOP-0CQ8PV8" failures="0" tests="7" name="com.amazon.runner.SearchBox" time="20.832" errors="0" timestamp="2021-08-25T12:11:35 IST" skipped="0">
  <testcase classname="com.amazon.runner.SearchBox" name="SearchBox" time="3.275"/>
  <system-out/>
  <testcase classname="com.amazon.runner.SearchBox" name="SearchBox" time="3.384"/>
  <system-out/>
  <testcase classname="com.amazon.runner.SearchBox" name="SearchBox" time="2.682"/>
  <system-out/>
  <testcase classname="com.amazon.runner.SearchBox" name="SearchBox" time="2.515"/>
  <system-out/>
  <testcase classname="com.amazon.runner.SearchBox" name="SearchBox" time="3.126"/>
  <system-out/>
  <testcase classname="com.amazon.runner.SearchBox" name="SearchBox" time="2.390"/>
  <system-out/>
  <testcase classname="com.amazon.runner.SearchBox" name="SearchBox" time="3.460"/>
  <system-out/>
</testsuite> <!-- com.amazon.runner.SearchBox -->
