<?xml version="1.0" encoding="UTF-8"?>
<!-- Generated by org.testng.reporters.JUnitReportReporter -->
<testsuite hostname="DESKTOP-0CQ8PV8" failures="0" tests="19" name="com.amazon.runner.RunnerF" time="38.464" errors="1" timestamp="2021-08-31T16:00:37 IST" skipped="0">
  <testcase classname="com.amazon.runner.RunnerF" name="BestSeller" time="1.705"/>
  <system-out/>
  <testcase classname="com.amazon.runner.RunnerF" name="endSuite" time="3.710">
    <error message="Cannot invoke &quot;java.io.File.getAbsolutePath()&quot; because the return value of &quot;com.amazon.utility.OpenReport.openReport()&quot; is null" type="java.lang.NullPointerException">
      <![CDATA[java.lang.NullPointerException: Cannot invoke "java.io.File.getAbsolutePath()" because the return value of "com.amazon.utility.OpenReport.openReport()" is null
at com.amazon.runner.RunnerF.endSuite(RunnerF.java:242)
at java.base/jdk.internal.reflect.NativeMethodAccessorImpl.invoke0(Native Method)
at java.base/jdk.internal.reflect.NativeMethodAccessorImpl.invoke(NativeMethodAccessorImpl.java:78)
at java.base/jdk.internal.reflect.DelegatingMethodAccessorImpl.invoke(DelegatingMethodAccessorImpl.java:43)
at java.base/java.lang.reflect.Method.invoke(Method.java:567)
at org.testng.internal.MethodInvocationHelper.invokeMethod(MethodInvocationHelper.java:133)
at org.testng.internal.MethodInvocationHelper.invokeMethodConsideringTimeout(MethodInvocationHelper.java:62)
at org.testng.internal.ConfigInvoker.invokeConfigurationMethod(ConfigInvoker.java:385)
at org.testng.internal.ConfigInvoker.invokeConfigurations(ConfigInvoker.java:321)
at org.testng.SuiteRunner.privateRun(SuiteRunner.java:344)
at org.testng.SuiteRunner.run(SuiteRunner.java:276)
at org.testng.SuiteRunnerWorker.runSuite(SuiteRunnerWorker.java:53)
at org.testng.SuiteRunnerWorker.run(SuiteRunnerWorker.java:96)
at org.testng.TestNG.runSuitesSequentially(TestNG.java:1212)
at org.testng.TestNG.runSuitesLocally(TestNG.java:1134)
at org.testng.TestNG.runSuites(TestNG.java:1063)
at org.testng.TestNG.run(TestNG.java:1031)
at org.testng.remote.AbstractRemoteTestNG.run(AbstractRemoteTestNG.java:115)
at org.testng.remote.RemoteTestNG.initAndRun(RemoteTestNG.java:251)
at org.testng.remote.RemoteTestNG.main(RemoteTestNG.java:77)
]]>
    </error>
  </testcase> <!-- endSuite -->
  <system-out/>
  <testcase classname="com.amazon.runner.RunnerF" name="Mobiles" time="1.406"/>
  <system-out/>
  <testcase classname="com.amazon.runner.RunnerF" name="AmazonPay" time="1.003"/>
  <system-out/>
  <testcase classname="com.amazon.runner.RunnerF" name="Fashion" time="2.451"/>
  <system-out/>
  <testcase classname="com.amazon.runner.RunnerF" name="Electronics" time="1.544"/>
  <system-out/>
  <testcase classname="com.amazon.runner.RunnerF" name="Prime" time="1.469"/>
  <system-out/>
  <testcase classname="com.amazon.runner.RunnerF" name="CustomerService" time="1.614"/>
  <system-out/>
  <testcase classname="com.amazon.runner.RunnerF" name="NewReleases" time="1.686"/>
  <system-out/>
  <testcase classname="com.amazon.runner.RunnerF" name="searchSetUp" time="0.001"/>
  <system-out/>
  <testcase classname="com.amazon.runner.RunnerF" name="SearchBox" time="2.367"/>
  <system-out/>
  <testcase classname="com.amazon.runner.RunnerF" name="SearchBox" time="3.139"/>
  <system-out/>
  <testcase classname="com.amazon.runner.RunnerF" name="SearchBox" time="2.946"/>
  <system-out/>
  <testcase classname="com.amazon.runner.RunnerF" name="SearchBox" time="3.212"/>
  <system-out/>
  <testcase classname="com.amazon.runner.RunnerF" name="SearchBox" time="2.903"/>
  <system-out/>
  <testcase classname="com.amazon.runner.RunnerF" name="SearchBox" time="2.479"/>
  <system-out/>
  <testcase classname="com.amazon.runner.RunnerF" name="SearchBox" time="2.403"/>
  <system-out/>
  <testcase classname="com.amazon.runner.RunnerF" name="OpenLoginPage" time="1.000"/>
  <system-out/>
  <testcase classname="com.amazon.runner.RunnerF" name="loginTest" time="1.426"/>
  <system-out/>
</testsuite> <!-- com.amazon.runner.RunnerF -->
