<?xml version="1.0" encoding="UTF-8"?>
<!-- Generated by org.testng.reporters.JUnitReportReporter -->
<testsuite hostname="DESKTOP-0CQ8PV8" failures="0" tests="2" name="com.amazon.runner.LoginPageTest" time="3.635" errors="0" timestamp="2021-08-30T10:22:02 IST" skipped="0">
  <testcase classname="com.amazon.runner.LoginPageTest" name="enterEmail" time="3.633"/>
  <system-out/>
  <testcase classname="com.amazon.runner.LoginPageTest" name="extentInitialize" time="0.002"/>
  <system-out/>
</testsuite> <!-- com.amazon.runner.LoginPageTest -->
