<?xml version="1.0" encoding="UTF-8"?>
<!-- Generated by org.testng.reporters.JUnitReportReporter -->
<testsuite skipped="0" hostname="DESKTOP-8HC3KF0" name="com.urbanladder.runner.Runner" tests="10" failures="0" timestamp="2021-09-25T19:45:14 IST" time="80.930" errors="0">
  <testcase name="Login" time="11.972" classname="com.urbanladder.runner.Runner"/>
  <system-out/>
  <testcase name="DiningTable" time="3.498" classname="com.urbanladder.runner.Runner"/>
  <system-out/>
  <testcase name="Sale" time="11.278" classname="com.urbanladder.runner.Runner"/>
  <system-out/>
  <testcase name="Living" time="8.482" classname="com.urbanladder.runner.Runner"/>
  <system-out/>
  <testcase name="Bedroom" time="8.520" classname="com.urbanladder.runner.Runner"/>
  <system-out/>
  <testcase name="Storage" time="8.680" classname="com.urbanladder.runner.Runner"/>
  <system-out/>
  <testcase name="Study" time="8.236" classname="com.urbanladder.runner.Runner"/>
  <system-out/>
  <testcase name="Kids" time="8.221" classname="com.urbanladder.runner.Runner"/>
  <system-out/>
  <testcase name="GiftCard" time="9.582" classname="com.urbanladder.runner.Runner"/>
  <system-out/>
  <testcase name="BulkOrder" time="2.461" classname="com.urbanladder.runner.Runner"/>
  <system-out/>
</testsuite> <!-- com.urbanladder.runner.Runner -->
