<?xml version="1.0" encoding="UTF-8"?>
<!-- Generated by org.testng.reporters.JUnitReportReporter -->
<testsuite hostname="DESKTOP-0CQ8PV8" failures="0" tests="1" name="com.amazon.utility.ExtentDemo" time="4.735" errors="0" timestamp="2021-08-25T09:20:09 IST" skipped="0">
  <testcase classname="com.amazon.utility.ExtentDemo" name="extentReportsDemo" time="4.735"/>
  <system-out/>
</testsuite> <!-- com.amazon.utility.ExtentDemo -->
